Using pre-set license
Built from '2021.1/staging' branch; Version is '2021.1.0b7 (02180fe17a0e) revision 137231'; Using compiler version '192528614'; Build Type 'Release'
OS: 'Windows 10 Pro; OS build 19044.1889; Version 2009; 64bit' Language: 'en' Physical Memory: 65377 MB
BatchMode: 1, IsHumanControllingUs: 0, StartBugReporterOnCrash: 0, Is64bit: 1, IsPro: 0

 COMMAND LINE ARGUMENTS:
C:\Program Files\Unity\Hub\Editor\2021.1.0b7\Editor\Unity.exe
-adb2
-batchMode
-noUpm
-name
AssetImportWorker1
-projectPath
D:/Documents/JamesFiles/INTERNSHIP/Tanglaw Project/Tanglaw Game
-logFile
Logs/AssetImportWorker1.log
-srvPort
62580
Successfully changed project path to: D:/Documents/JamesFiles/INTERNSHIP/Tanglaw Project/Tanglaw Game
D:/Documents/JamesFiles/INTERNSHIP/Tanglaw Project/Tanglaw Game
Using Asset Import Pipeline V2.
Refreshing native plugins compatible for Editor in 148.91 ms, found 1 plugins.
Preloading 0 native plugins for Editor in 0.00 ms.
Initialize engine version: 2021.1.0b7 (02180fe17a0e)
[Subsystems] Discovering subsystems at path C:/Program Files/Unity/Hub/Editor/2021.1.0b7/Editor/Data/Resources/UnitySubsystems
[Subsystems] Discovering subsystems at path D:/Documents/JamesFiles/INTERNSHIP/Tanglaw Project/Tanglaw Game/Assets
GfxDevice: creating device client; threaded=0; jobified=0
Direct3D:
    Version:  Direct3D 11.0 [level 11.1]
    Renderer: NVIDIA GeForce RTX 3060 Ti (ID=0x2489)
    Vendor:   NVIDIA
    VRAM:     8050 MB
    Driver:   31.0.15.1694
Initialize mono
Mono path[0] = 'C:/Program Files/Unity/Hub/Editor/2021.1.0b7/Editor/Data/Managed'
Mono path[1] = 'C:/Program Files/Unity/Hub/Editor/2021.1.0b7/Editor/Data/MonoBleedingEdge/lib/mono/unityjit'
Mono config path = 'C:/Program Files/Unity/Hub/Editor/2021.1.0b7/Editor/Data/MonoBleedingEdge/etc'
Using monoOptions --debugger-agent=transport=dt_socket,embedding=1,server=y,suspend=n,address=127.0.0.1:56808
Begin MonoManager ReloadAssembly
Registering precompiled unity dll's ...
Register platform support module: C:/Program Files/Unity/Hub/Editor/2021.1.0b7/Editor/Data/PlaybackEngines/WindowsStandaloneSupport/UnityEditor.WindowsStandalone.Extensions.dll
Registered in 0.002313 seconds.
Native extension for WindowsStandalone target not found
Refreshing native plugins compatible for Editor in 157.25 ms, found 1 plugins.
Preloading 0 native plugins for Editor in 0.00 ms.
Mono: successfully reloaded assembly
- Completed reload, in  1.249 seconds
Platform modules already initialized, skipping
Registering precompiled user dll's ...
Registered in 0.003637 seconds.
Begin MonoManager ReloadAssembly
Native extension for WindowsStandalone target not found
Refreshing native plugins compatible for Editor in 164.60 ms, found 1 plugins.
Preloading 0 native plugins for Editor in 0.00 ms.
Mono: successfully reloaded assembly
- Completed reload, in  2.494 seconds
Platform modules already initialized, skipping
========================================================================
Worker process is ready to serve import requests
Launched and connected shader compiler UnityShaderCompiler.exe after 0.08 seconds
Refreshing native plugins compatible for Editor in 1.11 ms, found 1 plugins.
Preloading 0 native plugins for Editor in 0.00 ms.
Unloading 5230 Unused Serialized files (Serialized files now loaded: 0)
System memory in use before: 240.3 MB.
System memory in use after: 238.0 MB.

Unloading 57 unused Assets to reduce memory usage. Loaded Objects now: 5701.
Total: 4.611800 ms (FindLiveObjects: 0.796400 ms CreateObjectMapping: 0.184100 ms MarkObjects: 1.999400 ms  DeleteObjects: 1.630700 ms)

========================================================================
Received Import Request.
  path: Assets/New Terrain 2.asset
  artifactKey: Guid(aad547d8b48ad584799e8d9bf8fd19b1) Importer(815301076,1909f56bfc062723c751e8b465ee728b)
Start importing Assets/New Terrain 2.asset using Guid(aad547d8b48ad584799e8d9bf8fd19b1) Importer(815301076,1909f56bfc062723c751e8b465ee728b) The tree ThinTree must use the Nature/Soft Occlusion shader. Otherwise billboarding/lighting will not work correctly.

The tree ThinTree must use the Nature/Soft Occlusion shader. Otherwise billboarding/lighting will not work correctly.

The tree Sycamore must use the Nature/Soft Occlusion shader. Otherwise billboarding/lighting will not work correctly.

The tree Sycamore must use the Nature/Soft Occlusion shader. Otherwise billboarding/lighting will not work correctly.

 -> (artifact id: '22b4e058860e0be6b8cfd383a37e0c8b') in 0.164462 seconds 
========================================================================
Received Import Request.
  Time since last request: 25850.136301 seconds.
  path: Assets/New Terrain 2.asset
  artifactKey: Guid(aad547d8b48ad584799e8d9bf8fd19b1) Importer(815301076,1909f56bfc062723c751e8b465ee728b)
Start importing Assets/New Terrain 2.asset using Guid(aad547d8b48ad584799e8d9bf8fd19b1) Importer(815301076,1909f56bfc062723c751e8b465ee728b) The tree ThinTree must use the Nature/Soft Occlusion shader. Otherwise billboarding/lighting will not work correctly.

The tree ThinTree must use the Nature/Soft Occlusion shader. Otherwise billboarding/lighting will not work correctly.

The tree Sycamore must use the Nature/Soft Occlusion shader. Otherwise billboarding/lighting will not work correctly.

The tree Sycamore must use the Nature/Soft Occlusion shader. Otherwise billboarding/lighting will not work correctly.

 -> (artifact id: '614eef0bb7c51cfdcbfa4b2feb65d879') in 0.201849 seconds 
========================================================================
Received Import Request.
  Time since last request: 27.230822 seconds.
  path: Assets/New Terrain 2.asset
  artifactKey: Guid(aad547d8b48ad584799e8d9bf8fd19b1) Importer(815301076,1909f56bfc062723c751e8b465ee728b)
Start importing Assets/New Terrain 2.asset using Guid(aad547d8b48ad584799e8d9bf8fd19b1) Importer(815301076,1909f56bfc062723c751e8b465ee728b) The tree ThinTree must use the Nature/Soft Occlusion shader. Otherwise billboarding/lighting will not work correctly.

The tree ThinTree must use the Nature/Soft Occlusion shader. Otherwise billboarding/lighting will not work correctly.

The tree Sycamore must use the Nature/Soft Occlusion shader. Otherwise billboarding/lighting will not work correctly.

The tree Sycamore must use the Nature/Soft Occlusion shader. Otherwise billboarding/lighting will not work correctly.

 -> (artifact id: '7d74aa7c00cc2996c45ec39c7789036b') in 0.067639 seconds 
========================================================================
Received Import Request.
  Time since last request: 10.980212 seconds.
  path: Assets/New Terrain 2.asset
  artifactKey: Guid(aad547d8b48ad584799e8d9bf8fd19b1) Importer(815301076,1909f56bfc062723c751e8b465ee728b)
Start importing Assets/New Terrain 2.asset using Guid(aad547d8b48ad584799e8d9bf8fd19b1) Importer(815301076,1909f56bfc062723c751e8b465ee728b) The tree ThinTree must use the Nature/Soft Occlusion shader. Otherwise billboarding/lighting will not work correctly.

The tree ThinTree must use the Nature/Soft Occlusion shader. Otherwise billboarding/lighting will not work correctly.

The tree Sycamore must use the Nature/Soft Occlusion shader. Otherwise billboarding/lighting will not work correctly.

The tree Sycamore must use the Nature/Soft Occlusion shader. Otherwise billboarding/lighting will not work correctly.

 -> (artifact id: '056ce69ee9b3aefa6ab7f1ec5cefb22f') in 0.056662 seconds 
AssetImportWorkerClient::OnTransportError - code=2 error=End of file
